<?xml version="1.0" encoding="UTF-8"?>
<!-- Generated by org.testng.reporters.JUnitReportReporter -->
<testsuite skipped="0" hostname="deanas-mbp.lan" name="hellosign.NewUserFreePlanTest" tests="2" failures="0" timestamp="27 Aug 2017 12:00:44 GMT" time="29.668" errors="0">
  <testcase name="landingPageTest" time="11.717" classname="hellosign.NewUserFreePlanTest"/>
  <testcase name="landingPageTest" time="17.951" classname="hellosign.NewUserFreePlanTest"/>
</testsuite> <!-- hellosign.NewUserFreePlanTest -->
