<?xml version="1.0" encoding="UTF-8"?>
<!-- Generated by org.testng.reporters.JUnitReportReporter -->
<testsuite skipped="0" hostname="deanas-mbp.lan" name="hellosign.NewUserFreePlanTest" tests="1" failures="0" timestamp="01 Sep 2017 23:34:34 GMT" time="17.990" errors="0">
  <testcase name="freePlanSingupTest" time="17.990" classname="hellosign.NewUserFreePlanTest"/>
</testsuite> <!-- hellosign.NewUserFreePlanTest -->
