<?xml version="1.0" encoding="UTF-8"?>
<!-- Generated by org.testng.reporters.JUnitReportReporter -->
<testsuite skipped="0" hostname="deanas-mbp.lan" name="hellosign.NewUserFreePlanTest" tests="2" failures="0" timestamp="27 Aug 2017 12:54:40 GMT" time="31.026" errors="0">
  <testcase name="freePlanSingupTest" time="12.378" classname="hellosign.NewUserFreePlanTest"/>
  <testcase name="freePlanSingupTest" time="18.648" classname="hellosign.NewUserFreePlanTest"/>
</testsuite> <!-- hellosign.NewUserFreePlanTest -->
