<?xml version="1.0" encoding="UTF-8"?>
<!-- Generated by org.testng.reporters.JUnitReportReporter -->
<testsuite skipped="0" hostname="deanamiellsimac.lan" name="hellosign.NewUserFreePlanTest" tests="2" failures="0" timestamp="21 Aug 2018 00:14:00 GMT" time="34.406" errors="0">
  <testcase name="freePlanSingupTest" time="14.557" classname="hellosign.NewUserFreePlanTest"/>
  <testcase name="freePlanSingupTest" time="19.849" classname="hellosign.NewUserFreePlanTest"/>
</testsuite> <!-- hellosign.NewUserFreePlanTest -->
