<?xml version="1.0" encoding="UTF-8"?>
<!-- Generated by org.testng.reporters.JUnitReportReporter -->
<testsuite skipped="0" hostname="deanas-mbp.lan" name="hellosign.NewUserFreePlanTest" tests="2" failures="0" timestamp="28 Aug 2017 06:10:18 GMT" time="33.935" errors="0">
  <testcase name="freePlanSingupTest" time="22.504" classname="hellosign.NewUserFreePlanTest"/>
  <testcase name="freePlanSingupTest" time="11.431" classname="hellosign.NewUserFreePlanTest"/>
</testsuite> <!-- hellosign.NewUserFreePlanTest -->
