<?xml version="1.0" encoding="UTF-8"?>
<!-- Generated by org.testng.reporters.JUnitReportReporter -->
<testsuite skipped="0" hostname="deanas-mbp.lan" name="hellosign.NewUserFreePlanTest" tests="2" failures="0" timestamp="28 Aug 2017 08:50:39 GMT" time="29.335" errors="0">
  <testcase name="freePlanSingupTest" time="17.810" classname="hellosign.NewUserFreePlanTest"/>
  <testcase name="freePlanSingupTest" time="11.525" classname="hellosign.NewUserFreePlanTest"/>
</testsuite> <!-- hellosign.NewUserFreePlanTest -->
