<?xml version="1.0" encoding="UTF-8"?>
<!-- Generated by org.testng.reporters.JUnitReportReporter -->
<testsuite skipped="0" hostname="deanas-mbp.lan" name="hellosign.NewUserFreePlanTest" tests="2" failures="0" timestamp="02 Sep 2017 00:28:49 GMT" time="29.381" errors="0">
  <testcase name="freePlanSingupTest" time="18.194" classname="hellosign.NewUserFreePlanTest"/>
  <testcase name="freePlanSingupTest" time="11.187" classname="hellosign.NewUserFreePlanTest"/>
</testsuite> <!-- hellosign.NewUserFreePlanTest -->
